0 info it worked if it ends with ok
1 verbose cli [ '/Users/ChristopherUmbach/.nvm/versions/node/v4.4.0/bin/node',
1 verbose cli   '/Users/ChristopherUmbach/.nvm/versions/node/v4.4.0/bin/npm',
1 verbose cli   'start' ]
2 info using npm@3.8.1
3 info using node@v4.4.0
4 verbose run-script [ 'prestart', 'start', 'poststart' ]
5 info lifecycle Kanban@1.0.0~prestart: Kanban@1.0.0
6 silly lifecycle Kanban@1.0.0~prestart: no script for prestart, continuing
7 info lifecycle Kanban@1.0.0~start: Kanban@1.0.0
8 verbose lifecycle Kanban@1.0.0~start: unsafe-perm in lifecycle true
9 verbose lifecycle Kanban@1.0.0~start: PATH: /Users/ChristopherUmbach/.nvm/versions/node/v4.4.0/lib/node_modules/npm/bin/node-gyp-bin:/Users/ChristopherUmbach/Code/react/Kanban/node_modules/.bin:/Users/ChristopherUmbach/.nvm/versions/node/v4.4.0/bin:/Users/ChristopherUmbach/.nvm/versions/node/v4.4.0/bin:/Users/ChristopherUmbach/.rbenv/shims:/Users/ChristopherUmbach/.rbenv/shims:/usr/local/bin:/usr/bin:/bin:/usr/sbin:/sbin:/usr/local/git/bin:/opt/sm/bin:/opt/sm/pkg/active/bin:/opt/sm/pkg/active/sbin:/Applications/Postgres.app/Contents/Versions/9.4/bin
10 verbose lifecycle Kanban@1.0.0~start: CWD: /Users/ChristopherUmbach/Code/react/Kanban
11 silly lifecycle Kanban@1.0.0~start: Args: [ '-c', 'webpack-dev-server' ]
12 silly lifecycle Kanban@1.0.0~start: Returned: code: 1  signal: null
13 info lifecycle Kanban@1.0.0~start: Failed to exec start script
14 verbose stack Error: Kanban@1.0.0 start: `webpack-dev-server`
14 verbose stack Exit status 1
14 verbose stack     at EventEmitter.<anonymous> (/Users/ChristopherUmbach/.nvm/versions/node/v4.4.0/lib/node_modules/npm/lib/utils/lifecycle.js:239:16)
14 verbose stack     at emitTwo (events.js:87:13)
14 verbose stack     at EventEmitter.emit (events.js:172:7)
14 verbose stack     at ChildProcess.<anonymous> (/Users/ChristopherUmbach/.nvm/versions/node/v4.4.0/lib/node_modules/npm/lib/utils/spawn.js:24:14)
14 verbose stack     at emitTwo (events.js:87:13)
14 verbose stack     at ChildProcess.emit (events.js:172:7)
14 verbose stack     at maybeClose (internal/child_process.js:827:16)
14 verbose stack     at Process.ChildProcess._handle.onexit (internal/child_process.js:211:5)
15 verbose pkgid Kanban@1.0.0
16 verbose cwd /Users/ChristopherUmbach/Code/react/Kanban
17 error Darwin 14.5.0
18 error argv "/Users/ChristopherUmbach/.nvm/versions/node/v4.4.0/bin/node" "/Users/ChristopherUmbach/.nvm/versions/node/v4.4.0/bin/npm" "start"
19 error node v4.4.0
20 error npm  v3.8.1
21 error code ELIFECYCLE
22 error Kanban@1.0.0 start: `webpack-dev-server`
22 error Exit status 1
23 error Failed at the Kanban@1.0.0 start script 'webpack-dev-server'.
23 error Make sure you have the latest version of node.js and npm installed.
23 error If you do, this is most likely a problem with the Kanban package,
23 error not with npm itself.
23 error Tell the author that this fails on your system:
23 error     webpack-dev-server
23 error You can get information on how to open an issue for this project with:
23 error     npm bugs Kanban
23 error Or if that isn't available, you can get their info via:
23 error     npm owner ls Kanban
23 error There is likely additional logging output above.
24 verbose exit [ 1, true ]
